# JRE version: OpenJDK Runtime Environment (11.0.10) (build 11.0.10+0-b96-7249189)
# Java VM: OpenJDK 64-Bit Server VM (11.0.10+0-b96-7249189, mixed mode, tiered, compressed oops, g1 gc, windows-amd64)
Heap:
 garbage-first heap   total 315392K, used 260263K [0x0000000080000000, 0x0000000100000000)
  region size 1024K, 18 young (18432K), 4 survivors (4096K)
 Metaspace       used 188715K, capacity 192773K, committed 192896K, reserved 1220608K
  class space    used 22492K, capacity 23831K, committed 23936K, reserved 1048576K
GC Heap History (20 events):
Event: 126.860 GC heap before
{Heap before GC invocations=102 (full 0):
 garbage-first heap   total 262144K, used 250458K [0x0000000080000000, 0x0000000100000000)
  region size 1024K, 12 young (12288K), 2 survivors (2048K)
 Metaspace       used 180965K, capacity 184934K, committed 185088K, reserved 1212416K
  class space    used 21466K, capacity 22775K, committed 22784K, reserved 1048576K
}
Event: 126.865 GC heap after
{Heap after GC invocations=103 (full 0):
 garbage-first heap   total 262144K, used 240635K [0x0000000080000000, 0x0000000100000000)
  region size 1024K, 2 young (2048K), 2 survivors (2048K)
 Metaspace       used 180965K, capacity 184934K, committed 185088K, reserved 1212416K
  class space    used 21466K, capacity 22775K, committed 22784K, reserved 1048576K
}
Event: 126.993 GC heap before
{Heap before GC invocations=103 (full 0):
 garbage-first heap   total 262144K, used 250875K [0x0000000080000000, 0x0000000100000000)
  region size 1024K, 12 young (12288K), 2 survivors (2048K)
 Metaspace       used 180999K, capacity 184934K, committed 185088K, reserved 1212416K
  class space    used 21466K, capacity 22775K, committed 22784K, reserved 1048576K
}
Event: 126.997 GC heap after
{Heap after GC invocations=104 (full 0):
 garbage-first heap   total 262144K, used 240830K [0x0000000080000000, 0x0000000100000000)
  region size 1024K, 2 young (2048K), 2 survivors (2048K)
 Metaspace       used 180999K, capacity 184934K, committed 185088K, reserved 1212416K
  class space    used 21466K, capacity 22775K, committed 22784K, reserved 1048576K
}
Event: 127.078 GC heap before
{Heap before GC invocations=104 (full 0):
 garbage-first heap   total 262144K, used 251070K [0x0000000080000000, 0x0000000100000000)
  region size 1024K, 12 young (12288K), 2 survivors (2048K)
 Metaspace       used 181013K, capacity 184998K, committed 185088K, reserved 1212416K
  class space    used 21467K, capacity 22775K, committed 22784K, reserved 1048576K
}
Event: 127.083 GC heap after
{Heap after GC invocations=105 (full 0):
 garbage-first heap   total 262144K, used 240870K [0x0000000080000000, 0x0000000100000000)
  region size 1024K, 1 young (1024K), 1 survivors (1024K)
 Metaspace       used 181013K, capacity 184998K, committed 185088K, reserved 1212416K
  class space    used 21467K, capacity 22775K, committed 22784K, reserved 1048576K
}
Event: 127.185 GC heap before
{Heap before GC invocations=106 (full 0):
 garbage-first heap   total 262144K, used 252134K [0x0000000080000000, 0x0000000100000000)
  region size 1024K, 12 young (12288K), 1 survivors (1024K)
 Metaspace       used 181030K, capacity 184998K, committed 185088K, reserved 1212416K
  class space    used 21467K, capacity 22775K, committed 22784K, reserved 1048576K
}
Event: 127.189 GC heap after
{Heap after GC invocations=107 (full 0):
 garbage-first heap   total 315392K, used 241610K [0x0000000080000000, 0x0000000100000000)
  region size 1024K, 2 young (2048K), 2 survivors (2048K)
 Metaspace       used 181030K, capacity 184998K, committed 185088K, reserved 1212416K
  class space    used 21467K, capacity 22775K, committed 22784K, reserved 1048576K
}
Event: 127.390 GC heap before
{Heap before GC invocations=107 (full 0):
 garbage-first heap   total 315392K, used 262090K [0x0000000080000000, 0x0000000100000000)
  region size 1024K, 22 young (22528K), 2 survivors (2048K)
 Metaspace       used 181139K, capacity 185158K, committed 185472K, reserved 1212416K
  class space    used 21473K, capacity 22807K, committed 22912K, reserved 1048576K
}
Event: 127.392 GC heap after
{Heap after GC invocations=108 (full 0):
 garbage-first heap   total 315392K, used 241506K [0x0000000080000000, 0x0000000100000000)
  region size 1024K, 2 young (2048K), 2 survivors (2048K)
 Metaspace       used 181139K, capacity 185158K, committed 185472K, reserved 1212416K
  class space    used 21473K, capacity 22807K, committed 22912K, reserved 1048576K
}
Event: 128.441 GC heap before
{Heap before GC invocations=108 (full 0):
 garbage-first heap   total 315392K, used 263010K [0x0000000080000000, 0x0000000100000000)
  region size 1024K, 23 young (23552K), 2 survivors (2048K)
 Metaspace       used 182340K, capacity 186319K, committed 186624K, reserved 1212416K
  class space    used 21606K, capacity 22938K, committed 23040K, reserved 1048576K
}
Event: 128.445 GC heap after
{Heap after GC invocations=109 (full 0):
 garbage-first heap   total 315392K, used 242138K [0x0000000080000000, 0x0000000100000000)
  region size 1024K, 2 young (2048K), 2 survivors (2048K)
 Metaspace       used 182340K, capacity 186319K, committed 186624K, reserved 1212416K
  class space    used 21606K, capacity 22938K, committed 23040K, reserved 1048576K
}
Event: 129.072 GC heap before
{Heap before GC invocations=109 (full 0):
 garbage-first heap   total 315392K, used 264666K [0x0000000080000000, 0x0000000100000000)
  region size 1024K, 25 young (25600K), 2 survivors (2048K)
 Metaspace       used 184015K, capacity 188004K, committed 188288K, reserved 1214464K
  class space    used 21764K, capacity 23073K, committed 23168K, reserved 1048576K
}
Event: 129.076 GC heap after
{Heap after GC invocations=110 (full 0):
 garbage-first heap   total 315392K, used 242791K [0x0000000080000000, 0x0000000100000000)
  region size 1024K, 3 young (3072K), 3 survivors (3072K)
 Metaspace       used 184015K, capacity 188004K, committed 188288K, reserved 1214464K
  class space    used 21764K, capacity 23073K, committed 23168K, reserved 1048576K
}
Event: 129.379 GC heap before
{Heap before GC invocations=110 (full 0):
 garbage-first heap   total 315392K, used 267367K [0x0000000080000000, 0x0000000100000000)
  region size 1024K, 27 young (27648K), 3 survivors (3072K)
 Metaspace       used 184443K, capacity 188434K, committed 188544K, reserved 1214464K
  class space    used 21804K, capacity 23110K, committed 23168K, reserved 1048576K
}
Event: 129.384 GC heap after
{Heap after GC invocations=111 (full 0):
 garbage-first heap   total 315392K, used 243872K [0x0000000080000000, 0x0000000100000000)
  region size 1024K, 3 young (3072K), 3 survivors (3072K)
 Metaspace       used 184443K, capacity 188434K, committed 188544K, reserved 1214464K
  class space    used 21804K, capacity 23110K, committed 23168K, reserved 1048576K
}
Event: 129.584 GC heap before
{Heap before GC invocations=111 (full 0):
 garbage-first heap   total 315392K, used 267424K [0x0000000080000000, 0x0000000100000000)
  region size 1024K, 27 young (27648K), 3 survivors (3072K)
 Metaspace       used 184575K, capacity 188594K, committed 188800K, reserved 1214464K
  class space    used 21810K, capacity 23142K, committed 23168K, reserved 1048576K
}
Event: 129.594 GC heap after
{Heap after GC invocations=112 (full 0):
 garbage-first heap   total 315392K, used 245853K [0x0000000080000000, 0x0000000100000000)
  region size 1024K, 4 young (4096K), 4 survivors (4096K)
 Metaspace       used 184575K, capacity 188594K, committed 188800K, reserved 1214464K
  class space    used 21810K, capacity 23142K, committed 23168K, reserved 1048576K
}
Event: 130.730 GC heap before
{Heap before GC invocations=112 (full 0):
 garbage-first heap   total 315392K, used 270429K [0x0000000080000000, 0x0000000100000000)
  region size 1024K, 28 young (28672K), 4 survivors (4096K)
 Metaspace       used 188041K, capacity 192101K, committed 192256K, reserved 1218560K
  class space    used 22420K, capacity 23735K, committed 23808K, reserved 1048576K
}
Event: 130.736 GC heap after
{Heap after GC invocations=113 (full 0):
 garbage-first heap   total 315392K, used 246951K [0x0000000080000000, 0x0000000100000000)
  region size 1024K, 4 young (4096K), 4 survivors (4096K)
 Metaspace       used 188041K, capacity 192101K, committed 192256K, reserved 1218560K
  class space    used 22420K, capacity 23735K, committed 23808K, reserved 1048576K
}

