# JRE version: OpenJDK Runtime Environment (11.0.10) (build 11.0.10+0-b96-7249189)
# Java VM: OpenJDK 64-Bit Server VM (11.0.10+0-b96-7249189, mixed mode, tiered, compressed oops, g1 gc, windows-amd64)
Heap:
 garbage-first heap   total 267264K, used 151861K [0x0000000080000000, 0x0000000100000000)
  region size 1024K, 24 young (24576K), 11 survivors (11264K)
 Metaspace       used 126054K, capacity 129376K, committed 129920K, reserved 1161216K
  class space    used 15798K, capacity 17080K, committed 17280K, reserved 1048576K
GC Heap History (20 events):
Event: 78.647 GC heap before
{Heap before GC invocations=25 (full 0):
 garbage-first heap   total 267264K, used 210716K [0x0000000080000000, 0x0000000100000000)
  region size 1024K, 86 young (88064K), 12 survivors (12288K)
 Metaspace       used 113059K, capacity 115856K, committed 115968K, reserved 1150976K
  class space    used 14015K, capacity 15032K, committed 15104K, reserved 1048576K
}
Event: 78.664 GC heap after
{Heap after GC invocations=26 (full 0):
 garbage-first heap   total 267264K, used 142858K [0x0000000080000000, 0x0000000100000000)
  region size 1024K, 8 young (8192K), 8 survivors (8192K)
 Metaspace       used 113059K, capacity 115856K, committed 115968K, reserved 1150976K
  class space    used 14015K, capacity 15032K, committed 15104K, reserved 1048576K
}
Event: 79.727 GC heap before
{Heap before GC invocations=27 (full 0):
 garbage-first heap   total 267264K, used 211466K [0x0000000080000000, 0x0000000100000000)
  region size 1024K, 78 young (79872K), 8 survivors (8192K)
 Metaspace       used 121486K, capacity 124757K, committed 124928K, reserved 1157120K
  class space    used 15363K, capacity 16602K, committed 16640K, reserved 1048576K
}
Event: 79.754 GC heap after
{Heap after GC invocations=28 (full 0):
 garbage-first heap   total 267264K, used 142774K [0x0000000080000000, 0x0000000100000000)
  region size 1024K, 3 young (3072K), 3 survivors (3072K)
 Metaspace       used 121486K, capacity 124757K, committed 124928K, reserved 1157120K
  class space    used 15363K, capacity 16602K, committed 16640K, reserved 1048576K
}
Event: 79.908 GC heap before
{Heap before GC invocations=28 (full 0):
 garbage-first heap   total 267264K, used 153014K [0x0000000080000000, 0x0000000100000000)
  region size 1024K, 13 young (13312K), 3 survivors (3072K)
 Metaspace       used 122927K, capacity 126358K, committed 126464K, reserved 1159168K
  class space    used 15595K, capacity 16879K, committed 16896K, reserved 1048576K
}
Event: 79.926 GC heap after
{Heap after GC invocations=29 (full 0):
 garbage-first heap   total 267264K, used 126379K [0x0000000080000000, 0x0000000100000000)
  region size 1024K, 2 young (2048K), 2 survivors (2048K)
 Metaspace       used 122927K, capacity 126358K, committed 126464K, reserved 1159168K
  class space    used 15595K, capacity 16879K, committed 16896K, reserved 1048576K
}
Event: 80.234 GC heap before
{Heap before GC invocations=29 (full 0):
 garbage-first heap   total 267264K, used 136619K [0x0000000080000000, 0x0000000100000000)
  region size 1024K, 13 young (13312K), 2 survivors (2048K)
 Metaspace       used 123407K, capacity 126827K, committed 127104K, reserved 1159168K
  class space    used 15634K, capacity 16923K, committed 17024K, reserved 1048576K
}
Event: 80.240 GC heap after
{Heap after GC invocations=30 (full 0):
 garbage-first heap   total 267264K, used 126179K [0x0000000080000000, 0x0000000100000000)
  region size 1024K, 1 young (1024K), 1 survivors (1024K)
 Metaspace       used 123407K, capacity 126827K, committed 127104K, reserved 1159168K
  class space    used 15634K, capacity 16923K, committed 17024K, reserved 1048576K
}
Event: 80.606 GC heap before
{Heap before GC invocations=30 (full 0):
 garbage-first heap   total 267264K, used 149731K [0x0000000080000000, 0x0000000100000000)
  region size 1024K, 26 young (26624K), 1 survivors (1024K)
 Metaspace       used 124285K, capacity 127766K, committed 128000K, reserved 1161216K
  class space    used 15761K, capacity 17054K, committed 17152K, reserved 1048576K
}
Event: 80.609 GC heap after
{Heap after GC invocations=31 (full 0):
 garbage-first heap   total 267264K, used 126991K [0x0000000080000000, 0x0000000100000000)
  region size 1024K, 2 young (2048K), 2 survivors (2048K)
 Metaspace       used 124285K, capacity 127766K, committed 128000K, reserved 1161216K
  class space    used 15761K, capacity 17054K, committed 17152K, reserved 1048576K
}
Event: 111.621 GC heap before
{Heap before GC invocations=32 (full 0):
 garbage-first heap   total 267264K, used 248847K [0x0000000080000000, 0x0000000100000000)
  region size 1024K, 75 young (76800K), 2 survivors (2048K)
 Metaspace       used 124091K, capacity 127266K, committed 128000K, reserved 1161216K
  class space    used 15602K, capacity 16792K, committed 17152K, reserved 1048576K
}
Event: 111.630 GC heap after
{Heap after GC invocations=33 (full 0):
 garbage-first heap   total 267264K, used 133472K [0x0000000080000000, 0x0000000100000000)
  region size 1024K, 8 young (8192K), 8 survivors (8192K)
 Metaspace       used 124091K, capacity 127266K, committed 128000K, reserved 1161216K
  class space    used 15602K, capacity 16792K, committed 17152K, reserved 1048576K
}
Event: 111.656 GC heap before
{Heap before GC invocations=33 (full 0):
 garbage-first heap   total 267264K, used 138592K [0x0000000080000000, 0x0000000100000000)
  region size 1024K, 13 young (13312K), 8 survivors (8192K)
 Metaspace       used 124091K, capacity 127266K, committed 128000K, reserved 1161216K
  class space    used 15602K, capacity 16792K, committed 17152K, reserved 1048576K
}
Event: 111.667 GC heap after
{Heap after GC invocations=34 (full 0):
 garbage-first heap   total 267264K, used 121835K [0x0000000080000000, 0x0000000100000000)
  region size 1024K, 1 young (1024K), 1 survivors (1024K)
 Metaspace       used 124091K, capacity 127266K, committed 128000K, reserved 1161216K
  class space    used 15602K, capacity 16792K, committed 17152K, reserved 1048576K
}
Event: 112.293 GC heap before
{Heap before GC invocations=34 (full 0):
 garbage-first heap   total 267264K, used 200683K [0x0000000080000000, 0x0000000100000000)
  region size 1024K, 79 young (80896K), 1 survivors (1024K)
 Metaspace       used 125239K, capacity 128545K, committed 129152K, reserved 1161216K
  class space    used 15723K, capacity 16956K, committed 17280K, reserved 1048576K
}
Event: 112.298 GC heap after
{Heap after GC invocations=35 (full 0):
 garbage-first heap   total 267264K, used 122798K [0x0000000080000000, 0x0000000100000000)
  region size 1024K, 2 young (2048K), 2 survivors (2048K)
 Metaspace       used 125239K, capacity 128545K, committed 129152K, reserved 1161216K
  class space    used 15723K, capacity 16956K, committed 17280K, reserved 1048576K
}
Event: 112.677 GC heap before
{Heap before GC invocations=36 (full 0):
 garbage-first heap   total 267264K, used 209838K [0x0000000080000000, 0x0000000100000000)
  region size 1024K, 84 young (86016K), 2 survivors (2048K)
 Metaspace       used 125368K, capacity 128626K, committed 129408K, reserved 1161216K
  class space    used 15735K, capacity 16960K, committed 17280K, reserved 1048576K
}
Event: 112.688 GC heap after
{Heap after GC invocations=37 (full 0):
 garbage-first heap   total 267264K, used 133463K [0x0000000080000000, 0x0000000100000000)
  region size 1024K, 11 young (11264K), 11 survivors (11264K)
 Metaspace       used 125368K, capacity 128626K, committed 129408K, reserved 1161216K
  class space    used 15735K, capacity 16960K, committed 17280K, reserved 1048576K
}
Event: 112.695 GC heap before
{Heap before GC invocations=37 (full 0):
 garbage-first heap   total 267264K, used 135511K [0x0000000080000000, 0x0000000100000000)
  region size 1024K, 13 young (13312K), 11 survivors (11264K)
 Metaspace       used 125377K, capacity 128626K, committed 129408K, reserved 1161216K
  class space    used 15735K, capacity 16960K, committed 17280K, reserved 1048576K
}
Event: 112.708 GC heap after
{Heap after GC invocations=38 (full 0):
 garbage-first heap   total 267264K, used 123527K [0x0000000080000000, 0x0000000100000000)
  region size 1024K, 2 young (2048K), 2 survivors (2048K)
 Metaspace       used 125377K, capacity 128626K, committed 129408K, reserved 1161216K
  class space    used 15735K, capacity 16960K, committed 17280K, reserved 1048576K
}

