# JRE version: OpenJDK Runtime Environment (11.0.10) (build 11.0.10+0-b96-7249189)
# Java VM: OpenJDK 64-Bit Server VM (11.0.10+0-b96-7249189, mixed mode, tiered, compressed oops, g1 gc, windows-amd64)
Heap:
 garbage-first heap   total 317440K, used 178059K [0x0000000080000000, 0x0000000100000000)
  region size 1024K, 2 young (2048K), 2 survivors (2048K)
 Metaspace       used 130490K, capacity 133867K, committed 134140K, reserved 1167360K
  class space    used 15815K, capacity 16957K, committed 17024K, reserved 1048576K
GC Heap History (20 events):
Event: 45.149 GC heap after
{Heap after GC invocations=27 (full 0):
 garbage-first heap   total 262144K, used 147999K [0x0000000080000000, 0x0000000100000000)
  region size 1024K, 2 young (2048K), 2 survivors (2048K)
 Metaspace       used 114995K, capacity 118187K, committed 118652K, reserved 1153024K
  class space    used 14362K, capacity 15449K, committed 15616K, reserved 1048576K
}
Event: 45.258 GC heap before
{Heap before GC invocations=27 (full 0):
 garbage-first heap   total 262144K, used 153119K [0x0000000080000000, 0x0000000100000000)
  region size 1024K, 8 young (8192K), 2 survivors (2048K)
 Metaspace       used 115081K, capacity 118251K, committed 118652K, reserved 1153024K
  class space    used 14362K, capacity 15449K, committed 15616K, reserved 1048576K
}
Event: 45.266 GC heap after
{Heap after GC invocations=28 (full 0):
 garbage-first heap   total 262144K, used 148205K [0x0000000080000000, 0x0000000100000000)
  region size 1024K, 2 young (2048K), 2 survivors (2048K)
 Metaspace       used 115081K, capacity 118251K, committed 118652K, reserved 1153024K
  class space    used 14362K, capacity 15449K, committed 15616K, reserved 1048576K
}
Event: 46.068 GC heap before
{Heap before GC invocations=29 (full 0):
 garbage-first heap   total 262144K, used 240365K [0x0000000080000000, 0x0000000100000000)
  region size 1024K, 70 young (71680K), 2 survivors (2048K)
 Metaspace       used 117662K, capacity 120869K, committed 121468K, reserved 1155072K
  class space    used 14568K, capacity 15653K, committed 15872K, reserved 1048576K
}
Event: 46.079 GC heap after
{Heap after GC invocations=30 (full 0):
 garbage-first heap   total 262144K, used 155387K [0x0000000080000000, 0x0000000100000000)
  region size 1024K, 9 young (9216K), 9 survivors (9216K)
 Metaspace       used 117662K, capacity 120869K, committed 121468K, reserved 1155072K
  class space    used 14568K, capacity 15653K, committed 15872K, reserved 1048576K
}
Event: 46.101 GC heap before
{Heap before GC invocations=30 (full 0):
 garbage-first heap   total 262144K, used 157435K [0x0000000080000000, 0x0000000100000000)
  region size 1024K, 12 young (12288K), 9 survivors (9216K)
 Metaspace       used 118141K, capacity 121317K, committed 121724K, reserved 1155072K
  class space    used 14612K, capacity 15717K, committed 15872K, reserved 1048576K
}
Event: 46.114 GC heap after
{Heap after GC invocations=31 (full 0):
 garbage-first heap   total 262144K, used 155880K [0x0000000080000000, 0x0000000100000000)
  region size 1024K, 1 young (1024K), 1 survivors (1024K)
 Metaspace       used 118141K, capacity 121317K, committed 121724K, reserved 1155072K
  class space    used 14612K, capacity 15717K, committed 15872K, reserved 1048576K
}
Event: 46.461 GC heap before
{Heap before GC invocations=31 (full 0):
 garbage-first heap   total 262144K, used 216296K [0x0000000080000000, 0x0000000100000000)
  region size 1024K, 61 young (62464K), 1 survivors (1024K)
 Metaspace       used 119702K, capacity 122824K, committed 123388K, reserved 1157120K
  class space    used 14721K, capacity 15814K, committed 16000K, reserved 1048576K
}
Event: 46.469 GC heap after
{Heap after GC invocations=32 (full 0):
 garbage-first heap   total 262144K, used 158892K [0x0000000080000000, 0x0000000100000000)
  region size 1024K, 4 young (4096K), 4 survivors (4096K)
 Metaspace       used 119702K, capacity 122824K, committed 123388K, reserved 1157120K
  class space    used 14721K, capacity 15814K, committed 16000K, reserved 1048576K
}
Event: 46.859 GC heap before
{Heap before GC invocations=33 (full 0):
 garbage-first heap   total 262144K, used 205996K [0x0000000080000000, 0x0000000100000000)
  region size 1024K, 63 young (64512K), 4 survivors (4096K)
 Metaspace       used 120590K, capacity 123705K, committed 124156K, reserved 1157120K
  class space    used 14792K, capacity 15852K, committed 16000K, reserved 1048576K
}
Event: 46.866 GC heap after
{Heap after GC invocations=34 (full 0):
 garbage-first heap   total 262144K, used 148104K [0x0000000080000000, 0x0000000100000000)
  region size 1024K, 6 young (6144K), 6 survivors (6144K)
 Metaspace       used 120590K, capacity 123705K, committed 124156K, reserved 1157120K
  class space    used 14792K, capacity 15852K, committed 16000K, reserved 1048576K
}
Event: 46.907 GC heap before
{Heap before GC invocations=34 (full 0):
 garbage-first heap   total 262144K, used 153224K [0x0000000080000000, 0x0000000100000000)
  region size 1024K, 12 young (12288K), 6 survivors (6144K)
 Metaspace       used 120769K, capacity 124017K, committed 124540K, reserved 1157120K
  class space    used 14819K, capacity 15892K, committed 16128K, reserved 1048576K
}
Event: 46.918 GC heap after
{Heap after GC invocations=35 (full 0):
 garbage-first heap   total 262144K, used 135644K [0x0000000080000000, 0x0000000100000000)
  region size 1024K, 1 young (1024K), 1 survivors (1024K)
 Metaspace       used 120769K, capacity 124017K, committed 124540K, reserved 1157120K
  class space    used 14819K, capacity 15892K, committed 16128K, reserved 1048576K
}
Event: 48.131 GC heap before
{Heap before GC invocations=35 (full 0):
 garbage-first heap   total 262144K, used 223708K [0x0000000080000000, 0x0000000100000000)
  region size 1024K, 72 young (73728K), 1 survivors (1024K)
 Metaspace       used 126937K, capacity 130226K, committed 130300K, reserved 1163264K
  class space    used 15572K, capacity 16703K, committed 16768K, reserved 1048576K
}
Event: 48.141 GC heap after
{Heap after GC invocations=36 (full 0):
 garbage-first heap   total 262144K, used 151552K [0x0000000080000000, 0x0000000100000000)
  region size 1024K, 9 young (9216K), 9 survivors (9216K)
 Metaspace       used 126937K, capacity 130226K, committed 130300K, reserved 1163264K
  class space    used 15572K, capacity 16703K, committed 16768K, reserved 1048576K
}
Event: 48.746 GC heap before
{Heap before GC invocations=36 (full 0):
 garbage-first heap   total 262144K, used 222208K [0x0000000080000000, 0x0000000100000000)
  region size 1024K, 71 young (72704K), 9 survivors (9216K)
 Metaspace       used 128109K, capacity 131423K, committed 131708K, reserved 1165312K
  class space    used 15655K, capacity 16774K, committed 16896K, reserved 1048576K
}
Event: 48.772 GC heap after
{Heap after GC invocations=37 (full 0):
 garbage-first heap   total 262144K, used 171560K [0x0000000080000000, 0x0000000100000000)
  region size 1024K, 9 young (9216K), 9 survivors (9216K)
 Metaspace       used 128109K, capacity 131423K, committed 131708K, reserved 1165312K
  class space    used 15655K, capacity 16774K, committed 16896K, reserved 1048576K
}
Event: 50.405 GC heap before
{Heap before GC invocations=37 (full 0):
 garbage-first heap   total 262144K, used 214568K [0x0000000080000000, 0x0000000100000000)
  region size 1024K, 51 young (52224K), 9 survivors (9216K)
 Metaspace       used 130130K, capacity 133465K, committed 133628K, reserved 1165312K
  class space    used 15815K, capacity 16957K, committed 17024K, reserved 1048576K
}
Event: 50.419 GC heap after
{Heap after GC invocations=38 (full 0):
 garbage-first heap   total 262144K, used 176827K [0x0000000080000000, 0x0000000100000000)
  region size 1024K, 5 young (5120K), 5 survivors (5120K)
 Metaspace       used 130130K, capacity 133465K, committed 133628K, reserved 1165312K
  class space    used 15815K, capacity 16957K, committed 17024K, reserved 1048576K
}
Event: 50.903 GC heap before
{Heap before GC invocations=38 (full 0):
 garbage-first heap   total 262144K, used 216763K [0x0000000080000000, 0x0000000100000000)
  region size 1024K, 44 young (45056K), 5 survivors (5120K)
 Metaspace       used 130490K, capacity 133867K, committed 134140K, reserved 1167360K
  class space    used 15815K, capacity 16957K, committed 17024K, reserved 1048576K
}

